<?xml version="1.0" encoding="UTF-8"?>
<!-- Generated by org.testng.reporters.JUnitReportReporter -->
<testsuite hostname="dell-PCg1" name="com.lemonban.base.testCase.All_Test_Case" tests="18" failures="0" timestamp="18 Dec 2019 10:01:39 GMT" time="3.676" errors="0">
  <testcase name="test_case" time="0.071" classname="com.lemonban.base.testCase.All_Test_Case"/>
  <testcase name="test_case" time="1.599" classname="com.lemonban.base.testCase.All_Test_Case"/>
  <testcase name="test_case" time="0.079" classname="com.lemonban.base.testCase.All_Test_Case"/>
  <testcase name="test_case" time="0.075" classname="com.lemonban.base.testCase.All_Test_Case"/>
  <testcase name="test_case" time="0.076" classname="com.lemonban.base.testCase.All_Test_Case"/>
  <testcase name="test_case" time="0.090" classname="com.lemonban.base.testCase.All_Test_Case"/>
  <testcase name="test_case" time="0.088" classname="com.lemonban.base.testCase.All_Test_Case"/>
  <testcase name="test_case" time="0.097" classname="com.lemonban.base.testCase.All_Test_Case"/>
  <testcase name="test_case" time="0.090" classname="com.lemonban.base.testCase.All_Test_Case"/>
  <testcase name="test_case" time="0.082" classname="com.lemonban.base.testCase.All_Test_Case"/>
  <testcase name="test_case" time="0.080" classname="com.lemonban.base.testCase.All_Test_Case"/>
  <testcase name="test_case" time="0.080" classname="com.lemonban.base.testCase.All_Test_Case"/>
  <testcase name="test_case" time="0.080" classname="com.lemonban.base.testCase.All_Test_Case"/>
  <testcase name="test_case" time="0.085" classname="com.lemonban.base.testCase.All_Test_Case"/>
  <testcase name="test_case" time="0.076" classname="com.lemonban.base.testCase.All_Test_Case"/>
  <testcase name="test_case" time="0.474" classname="com.lemonban.base.testCase.All_Test_Case"/>
  <testcase name="test_case" time="0.074" classname="com.lemonban.base.testCase.All_Test_Case"/>
  <testcase name="test_case" time="0.380" classname="com.lemonban.base.testCase.All_Test_Case"/>
</testsuite> <!-- com.lemonban.base.testCase.All_Test_Case -->
